  [1m[36m (2.6ms)[0m  [1mCREATE TABLE "schema_migrations" ("version" varchar NOT NULL) [0m
  [1m[35m (0.1ms)[0m  select sqlite_version(*)
  [1m[36m (1.8ms)[0m  [1mCREATE UNIQUE INDEX "unique_schema_migrations" ON "schema_migrations" ("version")[0m
  [1m[35mActiveRecord::SchemaMigration Load (0.1ms)[0m  SELECT "schema_migrations".* FROM "schema_migrations"
Migrating to CreateUsers (20150305235023)
  [1m[36m (0.1ms)[0m  [1mbegin transaction[0m
  [1m[35m (0.6ms)[0m  CREATE TABLE "users" ("id" INTEGER PRIMARY KEY AUTOINCREMENT NOT NULL, "twitter_handle" varchar, "username" varchar, "password" varchar, "zipcode" varchar, "created_at" datetime NOT NULL, "updated_at" datetime NOT NULL) 
  [1m[36mSQL (0.3ms)[0m  [1mINSERT INTO "schema_migrations" ("version") VALUES (?)[0m  [["version", "20150305235023"]]
  [1m[35m (2.7ms)[0m  commit transaction
Migrating to CreateReps (20150305235101)
  [1m[36m (0.1ms)[0m  [1mbegin transaction[0m
  [1m[35m (0.4ms)[0m  CREATE TABLE "reps" ("id" INTEGER PRIMARY KEY AUTOINCREMENT NOT NULL, "twitter_handle" varchar, "name" varchar, "fec_id" integer, "bio" text, "created_at" datetime NOT NULL, "updated_at" datetime NOT NULL) 
  [1m[36mSQL (0.2ms)[0m  [1mINSERT INTO "schema_migrations" ("version") VALUES (?)[0m  [["version", "20150305235101"]]
  [1m[35m (1.5ms)[0m  commit transaction
Migrating to CreatePledges (20150305235208)
  [1m[36m (0.1ms)[0m  [1mbegin transaction[0m
  [1m[35m (0.5ms)[0m  CREATE TABLE "pledges" ("id" INTEGER PRIMARY KEY AUTOINCREMENT NOT NULL, "user_id" integer, "rep_id" integer, "tweet_id" integer, "tweet_message" text, "fulfilled" boolean, "positive" boolean, "created_at" datetime NOT NULL, "updated_at" datetime NOT NULL) 
  [1m[36mSQL (0.2ms)[0m  [1mINSERT INTO "schema_migrations" ("version") VALUES (?)[0m  [["version", "20150305235208"]]
  [1m[35m (1.4ms)[0m  commit transaction
  [1m[36mActiveRecord::SchemaMigration Load (0.1ms)[0m  [1mSELECT "schema_migrations".* FROM "schema_migrations"[0m
  [1m[36mActiveRecord::SchemaMigration Load (0.1ms)[0m  [1mSELECT "schema_migrations".* FROM "schema_migrations"[0m
  [1m[35m (0.1ms)[0m  begin transaction
  [1m[36mSQL (0.5ms)[0m  [1mINSERT INTO "reps" ("twitter_handle", "name", "created_at", "updated_at") VALUES (?, ?, ?, ?)[0m  [["twitter_handle", "@honda"], ["name", "honda"], ["created_at", "2015-03-06 00:03:43.732923"], ["updated_at", "2015-03-06 00:03:43.732923"]]
  [1m[35m (2.4ms)[0m  commit transaction
  [1m[36m (6.5ms)[0m  [1mCREATE TABLE "schema_migrations" ("version" varchar NOT NULL) [0m
  [1m[35m (0.2ms)[0m  select sqlite_version(*)
  [1m[36m (1.8ms)[0m  [1mCREATE UNIQUE INDEX "unique_schema_migrations" ON "schema_migrations" ("version")[0m
  [1m[35mActiveRecord::SchemaMigration Load (0.1ms)[0m  SELECT "schema_migrations".* FROM "schema_migrations"
Migrating to CreateUsers (20150305235023)
  [1m[36m (0.2ms)[0m  [1mbegin transaction[0m
  [1m[35m (0.5ms)[0m  CREATE TABLE "users" ("id" INTEGER PRIMARY KEY AUTOINCREMENT NOT NULL, "twitter_handle" varchar, "name" varchar, "password" varchar, "zipcode" varchar, "created_at" datetime NOT NULL, "updated_at" datetime NOT NULL) 
  [1m[36mSQL (0.2ms)[0m  [1mINSERT INTO "schema_migrations" ("version") VALUES (?)[0m  [["version", "20150305235023"]]
  [1m[35m (2.2ms)[0m  commit transaction
Migrating to CreateReps (20150305235101)
  [1m[36m (0.2ms)[0m  [1mbegin transaction[0m
  [1m[35m (0.4ms)[0m  CREATE TABLE "reps" ("id" INTEGER PRIMARY KEY AUTOINCREMENT NOT NULL, "twitter_handle" varchar, "name" varchar, "fec_id" integer, "bio" text, "created_at" datetime NOT NULL, "updated_at" datetime NOT NULL) 
  [1m[36mSQL (0.2ms)[0m  [1mINSERT INTO "schema_migrations" ("version") VALUES (?)[0m  [["version", "20150305235101"]]
  [1m[35m (1.8ms)[0m  commit transaction
Migrating to CreatePledges (20150305235208)
  [1m[36m (0.1ms)[0m  [1mbegin transaction[0m
  [1m[35m (0.4ms)[0m  CREATE TABLE "pledges" ("id" INTEGER PRIMARY KEY AUTOINCREMENT NOT NULL, "user_id" integer, "rep_id" integer, "tweet_id" integer, "tweet_message" text, "fulfilled" boolean, "positive" boolean, "created_at" datetime NOT NULL, "updated_at" datetime NOT NULL) 
  [1m[36mSQL (0.2ms)[0m  [1mINSERT INTO "schema_migrations" ("version") VALUES (?)[0m  [["version", "20150305235208"]]
  [1m[35m (1.8ms)[0m  commit transaction
  [1m[36mActiveRecord::SchemaMigration Load (0.1ms)[0m  [1mSELECT "schema_migrations".* FROM "schema_migrations"[0m
  [1m[36mActiveRecord::SchemaMigration Load (0.1ms)[0m  [1mSELECT "schema_migrations".* FROM "schema_migrations"[0m
  [1m[35m (0.1ms)[0m  begin transaction
  [1m[36mSQL (0.4ms)[0m  [1mINSERT INTO "reps" ("twitter_handle", "name", "created_at", "updated_at") VALUES (?, ?, ?, ?)[0m  [["twitter_handle", "@honda"], ["name", "honda"], ["created_at", "2015-03-06 00:05:00.620284"], ["updated_at", "2015-03-06 00:05:00.620284"]]
  [1m[35m (6.4ms)[0m  commit transaction
  [1m[36m (0.1ms)[0m  [1mbegin transaction[0m
  [1m[35mSQL (0.4ms)[0m  INSERT INTO "users" ("twitter_handle", "name", "created_at", "updated_at") VALUES (?, ?, ?, ?)  [["twitter_handle", "@moon"], ["name", "Jamal"], ["created_at", "2015-03-06 00:05:00.643383"], ["updated_at", "2015-03-06 00:05:00.643383"]]
  [1m[36m (1.8ms)[0m  [1mcommit transaction[0m
  [1m[35m (0.1ms)[0m  begin transaction
  [1m[36mSQL (0.4ms)[0m  [1mINSERT INTO "pledges" ("user_id", "rep_id", "created_at", "updated_at") VALUES (?, ?, ?, ?)[0m  [["user_id", 1], ["rep_id", 1], ["created_at", "2015-03-06 00:05:00.677495"], ["updated_at", "2015-03-06 00:05:00.677495"]]
  [1m[35m (1.8ms)[0m  commit transaction
  [1m[36mPledge Load (0.3ms)[0m  [1mSELECT  "pledges".* FROM "pledges"  ORDER BY "pledges"."id" ASC LIMIT 1[0m
  [1m[35mUser Load (0.3ms)[0m  SELECT  "users".* FROM "users" WHERE "users"."id" = ? LIMIT 1  [["id", 1]]
  [1m[36mPledge Load (0.3ms)[0m  [1mSELECT  "pledges".* FROM "pledges"  ORDER BY "pledges"."id" ASC LIMIT 1[0m
  [1m[35mRep Load (0.2ms)[0m  SELECT  "reps".* FROM "reps" WHERE "reps"."id" = ? LIMIT 1  [["id", 1]]
  [1m[36mRep Load (0.3ms)[0m  [1mSELECT  "reps".* FROM "reps"  ORDER BY "reps"."id" ASC LIMIT 1[0m
  [1m[35mPledge Load (0.2ms)[0m  SELECT "pledges".* FROM "pledges" WHERE "pledges"."rep_id" = ?  [["rep_id", 1]]
  [1m[36mRep Load (0.3ms)[0m  [1mSELECT  "reps".* FROM "reps"  ORDER BY "reps"."id" ASC LIMIT 1[0m
  [1m[35mRep Load (0.3ms)[0m  SELECT  "reps".* FROM "reps"  ORDER BY "reps"."id" ASC LIMIT 1
  [1m[36mPledge Load (0.2ms)[0m  [1mSELECT "pledges".* FROM "pledges" WHERE "pledges"."rep_id" = ?[0m  [["rep_id", 1]]
  [1m[35mUser Load (0.3ms)[0m  SELECT  "users".* FROM "users"  ORDER BY "users"."id" ASC LIMIT 1
  [1m[36mPledge Load (0.2ms)[0m  [1mSELECT "pledges".* FROM "pledges" WHERE "pledges"."user_id" = ?[0m  [["user_id", 1]]
  [1m[35mUser Load (0.3ms)[0m  SELECT  "users".* FROM "users"  ORDER BY "users"."id" ASC LIMIT 1
  [1m[36mPledge Load (0.3ms)[0m  [1mSELECT  "pledges".* FROM "pledges" WHERE "pledges"."user_id" = ?  ORDER BY "pledges"."id" ASC LIMIT 1[0m  [["user_id", 1]]
  [1m[35mUser Load (0.3ms)[0m  SELECT  "users".* FROM "users"  ORDER BY "users"."id" ASC LIMIT 1
  [1m[36mPledge Load (0.2ms)[0m  [1mSELECT  "pledges".* FROM "pledges" WHERE "pledges"."user_id" = ?  ORDER BY "pledges"."id" ASC LIMIT 1 OFFSET 1[0m  [["user_id", 1]]
  [1m[35mUser Load (0.3ms)[0m  SELECT  "users".* FROM "users"  ORDER BY "users"."id" ASC LIMIT 1
  [1m[36mPledge Load (0.1ms)[0m  [1mSELECT  "pledges".* FROM "pledges" WHERE "pledges"."user_id" = ?  ORDER BY "pledges"."id" ASC LIMIT 1[0m  [["user_id", 1]]
  [1m[35mRep Load (0.1ms)[0m  SELECT  "reps".* FROM "reps" WHERE "reps"."id" = ? LIMIT 1  [["id", 1]]
